<?xml version="1.0" encoding="UTF-8"?>
<!-- Generated by org.testng.reporters.JUnitReportReporter -->
<testsuite hostname="MSI" failures="0" tests="1" name="test.TC007_Brand" time="24.176" errors="0" timestamp="2024-03-28T10:59:31 IST" skipped="0">
  <testcase classname="test.TC007_Brand" name="addbrandcart" time="24.176"/>
  <system-out/>
</testsuite> <!-- test.TC007_Brand -->
