<?xml version="1.0" encoding="UTF-8"?>
<!-- Generated by org.testng.reporters.JUnitReportReporter -->
<testsuite hostname="MSI" failures="0" tests="1" name="test.TC003_Menu" time="47.318" errors="0" timestamp="2024-03-28T10:59:31 IST" skipped="0">
  <testcase classname="test.TC003_Menu" name="navigation" time="47.318"/>
  <system-out/>
</testsuite> <!-- test.TC003_Menu -->
