<?xml version="1.0" encoding="UTF-8"?>
<!-- Generated by org.testng.reporters.JUnitReportReporter -->
<testsuite hostname="MSI" failures="0" tests="1" name="test.TC008_Checkout" time="37.693" errors="0" timestamp="2024-03-28T11:08:39 IST" skipped="0">
  <testcase classname="test.TC008_Checkout" name="payment" time="37.693"/>
  <system-out/>
</testsuite> <!-- test.TC008_Checkout -->
