<?xml version="1.0" encoding="UTF-8"?>
<!-- Generated by org.testng.reporters.JUnitReportReporter -->
<testsuite hostname="MSI" failures="0" tests="1" name="test.TC006_ToShop" time="34.160" errors="0" timestamp="2024-03-28T10:59:31 IST" skipped="0">
  <testcase classname="test.TC006_ToShop" name="addcartshop" time="34.160"/>
  <system-out/>
</testsuite> <!-- test.TC006_ToShop -->
