<?xml version="1.0" encoding="UTF-8"?>
<!-- Generated by org.testng.reporters.JUnitReportReporter -->
<testsuite hostname="MSI" failures="0" tests="5" name="test.TC001_NewAcount" time="144.832" errors="0" timestamp="2024-03-28T10:59:31 IST" skipped="0">
  <testcase classname="test.TC001_NewAcount" name="NewAccount_test" time="29.122"/>
  <system-out/>
  <testcase classname="test.TC001_NewAcount" name="NewAccount_test" time="26.067"/>
  <system-out/>
  <testcase classname="test.TC001_NewAcount" name="NewAccount_test" time="32.229"/>
  <system-out/>
  <testcase classname="test.TC001_NewAcount" name="NewAccount_test" time="28.515"/>
  <system-out/>
  <testcase classname="test.TC001_NewAcount" name="NewAccount_test" time="28.899"/>
  <system-out/>
</testsuite> <!-- test.TC001_NewAcount -->
