<?xml version="1.0" encoding="UTF-8"?>
<!-- Generated by org.testng.reporters.JUnitReportReporter -->
<testsuite hostname="MSI" failures="0" tests="4" name="test.TC002_Signin" time="114.300" errors="0" timestamp="2024-03-28T10:59:31 IST" skipped="0">
  <testcase classname="test.TC002_Signin" name="signin_Test" time="16.952"/>
  <system-out/>
  <testcase classname="test.TC002_Signin" name="signin_Test" time="54.973"/>
  <system-out/>
  <testcase classname="test.TC002_Signin" name="signin_Test" time="16.955"/>
  <system-out/>
  <testcase classname="test.TC002_Signin" name="signin_Test" time="25.420"/>
  <system-out/>
</testsuite> <!-- test.TC002_Signin -->
