<?xml version="1.0" encoding="UTF-8"?>
<!-- Generated by org.testng.reporters.JUnitReportReporter -->
<testsuite hostname="MSI" failures="0" tests="1" name="test.TC004_BottomLink" time="16.283" errors="0" timestamp="2024-03-28T10:59:31 IST" skipped="0">
  <testcase classname="test.TC004_BottomLink" name="bottomlink" time="16.283"/>
  <system-out/>
</testsuite> <!-- test.TC004_BottomLink -->
